<?xml version="1.0" encoding="UTF-8"?>
<!-- Generated by org.testng.reporters.JUnitReportReporter -->
<testsuite skipped="0" hostname="DESKTOP-NPQ6VMQ" name="fbtests.TestSet1" tests="1" failures="0" timestamp="2021-10-23T12:44:01 IST" time="377.227" errors="0">
  <testcase name="GetVideoList" time="377.227" classname="fbtests.TestSet1"/>
  <system-out/>
</testsuite> <!-- fbtests.TestSet1 -->
