<?xml version="1.0" encoding="UTF-8"?>
<!-- Generated by org.testng.reporters.JUnitReportReporter -->
<testsuite skipped="0" hostname="DESKTOP-NPQ6VMQ" name="fbtests.fbtests1" tests="1" failures="0" timestamp="2021-10-23T07:33:08 IST" time="8.247" errors="0">
  <testcase name="Test1" time="8.247" classname="fbtests.fbtests1"/>
  <system-out/>
</testsuite> <!-- fbtests.fbtests1 -->
